<?xml version="1.0" encoding="UTF-8"?>
<testng-results ignored="0" total="3" passed="2" failed="1" skipped="0">
  <reporter-output>
  </reporter-output>
  <suite started-at="2024-12-11T11:07:52 IST" name="Program 1" finished-at="2024-12-11T11:09:06 IST" duration-ms="73395">
    <groups>
    </groups>
    <test started-at="2024-12-11T11:07:52 IST" name="Test" finished-at="2024-12-11T11:09:06 IST" duration-ms="73395">
      <class name="jspabc.A2_MouseOverActions">
        <test-method is-config="true" signature="beforeTest()[pri:0, instance:jspabc.A2_MouseOverActions@5af3afd9]" started-at="2024-12-11T11:07:52 IST" name="beforeTest" finished-at="2024-12-11T11:08:05 IST" duration-ms="12905" status="PASS">
          <reporter-output>
          </reporter-output>
        </test-method> <!-- beforeTest -->
        <test-method signature="mouseover()[pri:0, instance:jspabc.A2_MouseOverActions@5af3afd9]" started-at="2024-12-11T11:08:17 IST" name="mouseover" finished-at="2024-12-11T11:08:25 IST" duration-ms="7283" status="PASS">
          <reporter-output>
          </reporter-output>
        </test-method> <!-- mouseover -->
        <test-method is-config="true" signature="afterTest()[pri:0, instance:jspabc.A2_MouseOverActions@5af3afd9]" started-at="2024-12-11T11:09:06 IST" name="afterTest" finished-at="2024-12-11T11:09:06 IST" duration-ms="1" status="PASS">
          <reporter-output>
          </reporter-output>
        </test-method> <!-- afterTest -->
      </class> <!-- jspabc.A2_MouseOverActions -->
      <class name="jspabc.B11_Array">
        <test-method is-config="true" signature="beforeTest()[pri:0, instance:jspabc.B11_Array@359f7cdf]" started-at="2024-12-11T11:08:05 IST" name="beforeTest" finished-at="2024-12-11T11:08:11 IST" duration-ms="6208" status="PASS">
          <reporter-output>
          </reporter-output>
        </test-method> <!-- beforeTest -->
        <test-method signature="functionality()[pri:0, instance:jspabc.B11_Array@359f7cdf]" started-at="2024-12-11T11:08:25 IST" name="functionality" finished-at="2024-12-11T11:09:06 IST" duration-ms="40795" status="PASS">
          <reporter-output>
          </reporter-output>
        </test-method> <!-- functionality -->
        <test-method is-config="true" signature="afterTest()[pri:0, instance:jspabc.B11_Array@359f7cdf]" started-at="2024-12-11T11:09:06 IST" name="afterTest" finished-at="2024-12-11T11:09:06 IST" duration-ms="0" status="PASS">
          <reporter-output>
          </reporter-output>
        </test-method> <!-- afterTest -->
      </class> <!-- jspabc.B11_Array -->
      <class name="jspabc.B12_Assert1">
        <test-method is-config="true" signature="beforeTest()[pri:0, instance:jspabc.B12_Assert1@1fa268de]" started-at="2024-12-11T11:08:11 IST" name="beforeTest" finished-at="2024-12-11T11:08:17 IST" duration-ms="6138" status="PASS">
          <reporter-output>
          </reporter-output>
        </test-method> <!-- beforeTest -->
        <test-method signature="funoperation()[pri:0, instance:jspabc.B12_Assert1@1fa268de]" started-at="2024-12-11T11:09:06 IST" name="funoperation" finished-at="2024-12-11T11:09:06 IST" duration-ms="21" status="FAIL">
          <exception class="java.lang.AssertionError">
            <message>
              <![CDATA[expected [Welcome: Mercury Tours] but found [Mercury Tours]]]>
            </message>
            <full-stacktrace>
              <![CDATA[java.lang.AssertionError: expected [Welcome: Mercury Tours] but found [Mercury Tours]
at org.testng.Assert.fail(Assert.java:99)
at org.testng.Assert.failNotEquals(Assert.java:1037)
at org.testng.Assert.assertEqualsImpl(Assert.java:140)
at org.testng.Assert.assertEquals(Assert.java:122)
at org.testng.Assert.assertEquals(Assert.java:629)
at org.testng.Assert.assertEquals(Assert.java:639)
at jspabc.B12_Assert1.funoperation(B12_Assert1.java:36)
at java.base/jdk.internal.reflect.NativeMethodAccessorImpl.invoke0(Native Method)
at java.base/jdk.internal.reflect.NativeMethodAccessorImpl.invoke(NativeMethodAccessorImpl.java:77)
at java.base/jdk.internal.reflect.DelegatingMethodAccessorImpl.invoke(DelegatingMethodAccessorImpl.java:43)
at java.base/java.lang.reflect.Method.invoke(Method.java:568)
at org.testng.internal.MethodInvocationHelper.invokeMethod(MethodInvocationHelper.java:133)
at org.testng.internal.TestInvoker.invokeMethod(TestInvoker.java:598)
at org.testng.internal.TestInvoker.invokeTestMethod(TestInvoker.java:173)
at org.testng.internal.MethodRunner.runInSequence(MethodRunner.java:46)
at org.testng.internal.TestInvoker$MethodInvocationAgent.invoke(TestInvoker.java:824)
at org.testng.internal.TestInvoker.invokeTestMethods(TestInvoker.java:146)
at org.testng.internal.TestMethodWorker.invokeTestMethods(TestMethodWorker.java:146)
at org.testng.internal.TestMethodWorker.run(TestMethodWorker.java:128)
at java.base/java.util.ArrayList.forEach(ArrayList.java:1511)
at org.testng.TestRunner.privateRun(TestRunner.java:794)
at org.testng.TestRunner.run(TestRunner.java:596)
at org.testng.SuiteRunner.runTest(SuiteRunner.java:377)
at org.testng.SuiteRunner.runSequentially(SuiteRunner.java:371)
at org.testng.SuiteRunner.privateRun(SuiteRunner.java:332)
at org.testng.SuiteRunner.run(SuiteRunner.java:276)
at org.testng.SuiteRunnerWorker.runSuite(SuiteRunnerWorker.java:53)
at org.testng.SuiteRunnerWorker.run(SuiteRunnerWorker.java:96)
at org.testng.TestNG.runSuitesSequentially(TestNG.java:1212)
at org.testng.TestNG.runSuitesLocally(TestNG.java:1134)
at org.testng.TestNG.runSuites(TestNG.java:1063)
at org.testng.TestNG.run(TestNG.java:1031)
at org.testng.remote.AbstractRemoteTestNG.run(AbstractRemoteTestNG.java:115)
at org.testng.remote.RemoteTestNG.initAndRun(RemoteTestNG.java:293)
at org.testng.remote.RemoteTestNG.main(RemoteTestNG.java:91)
]]>
            </full-stacktrace>
          </exception> <!-- java.lang.AssertionError -->
          <reporter-output>
          </reporter-output>
        </test-method> <!-- funoperation -->
        <test-method is-config="true" signature="afterTest()[pri:0, instance:jspabc.B12_Assert1@1fa268de]" started-at="2024-12-11T11:09:06 IST" name="afterTest" finished-at="2024-12-11T11:09:06 IST" duration-ms="0" status="PASS">
          <reporter-output>
          </reporter-output>
        </test-method> <!-- afterTest -->
      </class> <!-- jspabc.B12_Assert1 -->
    </test> <!-- Test -->
  </suite> <!-- Program 1 -->
</testng-results>
